2016-09-17 12:33:26 INFO  main [mitsuba.cpp:256] Mitsuba version 0.5.0 (Windows, 64 bit), Copyright (c) 2014 Wenzel Jakob
2016-09-17 12:33:26 INFO  main [mitsuba.cpp:356] Parsing scene description from "C:/Users/Marcel/Desktop/Pellegrino/chess.Scene.00251.xml" ..
2016-09-17 12:33:26 INFO  main [PluginManager] Loading plugin "plugins\path.dll" ..
2016-09-17 12:33:26 INFO  main [PluginManager] Loading plugin "plugins\envmap.dll" ..
2016-09-17 12:33:26 INFO  main [EnvironmentMap] Loading environment map "ceu.png"
2016-09-17 12:33:26 INFO  main [PluginManager] Loading plugin "plugins\lanczos.dll" ..
2016-09-17 12:33:26 INFO  main [EnvironmentMap] Precomputing data structures for environment map sampling (395.8 KiB)
2016-09-17 12:33:26 INFO  main [EnvironmentMap] Done (took 0 ms)
2016-09-17 12:33:26 INFO  main [PluginManager] Loading plugin "plugins\ldsampler.dll" ..
2016-09-17 12:33:26 WARN  main [LowDiscrepancySampler] Sample count should be a power of two -- rounding to 32
2016-09-17 12:33:26 INFO  main [PluginManager] Loading plugin "plugins\gaussian.dll" ..
2016-09-17 12:33:26 INFO  main [PluginManager] Loading plugin "plugins\ldrfilm.dll" ..
2016-09-17 12:33:26 WARN  main [scenehandler.cpp:795] In file "C:/Users/Marcel/Desktop/Pellegrino/chess.Scene.00251.xml" (near line 48): Unqueried attribute "fitHorizontal" in element "film"
2016-09-17 12:33:26 WARN  main [scenehandler.cpp:795] In file "C:/Users/Marcel/Desktop/Pellegrino/chess.Scene.00251.xml" (near line 48): Unqueried attribute "pixelAspectX" in element "film"
2016-09-17 12:33:26 WARN  main [scenehandler.cpp:795] In file "C:/Users/Marcel/Desktop/Pellegrino/chess.Scene.00251.xml" (near line 48): Unqueried attribute "pixelAspectY" in element "film"
2016-09-17 12:33:26 WARN  main [scenehandler.cpp:795] In file "C:/Users/Marcel/Desktop/Pellegrino/chess.Scene.00251.xml" (near line 48): Unqueried attribute "shiftX" in element "film"
2016-09-17 12:33:26 WARN  main [scenehandler.cpp:795] In file "C:/Users/Marcel/Desktop/Pellegrino/chess.Scene.00251.xml" (near line 48): Unqueried attribute "shiftY" in element "film"
2016-09-17 12:33:26 INFO  main [PluginManager] Loading plugin "plugins\perspective.dll" ..
2016-09-17 12:33:26 INFO  main [PluginManager] Loading plugin "plugins\conductor.dll" ..
2016-09-17 12:33:26 INFO  main [spectrum.cpp:601] "Au.eta.spd": loaded a spectral power distribution with 56 entries (between 298.757050 and 885.601257 nm)
2016-09-17 12:33:26 INFO  main [spectrum.cpp:601] "Au.k.spd": loaded a spectral power distribution with 56 entries (between 298.757050 and 885.601257 nm)
2016-09-17 12:33:26 INFO  main [PluginManager] Loading plugin "plugins\serialized.dll" ..
2016-09-17 12:33:26 INFO  main [SerializedMesh] Loading shape 0 from "KingShape_0000_m000_0_000000.serialized" ..
2016-09-17 12:33:26 INFO  main [PluginManager] Loading plugin "plugins\bitmap.dll" ..
2016-09-17 12:33:26 INFO  main [BitmapTexture] Loading texture "board.jpg"
2016-09-17 12:33:26 INFO  main [PluginManager] Loading plugin "plugins\plastic.dll" ..
2016-09-17 12:33:26 INFO  main [SerializedMesh] Loading shape 0 from "ChessBoardShape_0000_m000_0_000000.serialized" ..
2016-09-17 12:33:26 INFO  main [PluginManager] Loading plugin "plugins\dielectric.dll" ..
2016-09-17 12:33:26 INFO  main [SerializedMesh] Loading shape 0 from "pion_chess_0000_m000_0_000000.serialized" ..
2016-09-17 12:33:26 INFO  main [PluginManager] Loading plugin "plugins\point.dll" ..
2016-09-17 12:33:26 INFO  ren0 [KDTreeBase] Constructing a SAH kd-tree (11672 primitives) ..
2016-09-17 12:33:26 INFO  ren0 [KDTreeBase] Finished -- took 111 ms.
2016-09-17 12:33:26 INFO  ren0 [PluginManager] Loading plugin "plugins\sphere.dll" ..
2016-09-17 12:33:26 INFO  ren0 [PluginManager] Loading plugin "plugins\diffuse.dll" ..
2016-09-17 12:33:26 INFO  ren0 [SamplingIntegrator] Starting render job (683x384, 32 samples, 4 cores, SSE2 enabled) ..
2016-09-17 12:33:31 INFO  flush[LDRFilm] Writing image to "C:/Users/Marcel/Desktop/Pellegrino/chess.Scene.00251.png" ..
2016-09-17 12:33:34 INFO  ren0 [RenderJob] Render time: 7.8820s
2016-09-17 12:33:34 INFO  ren0 [LDRFilm] Writing image to "C:/Users/Marcel/Desktop/Pellegrino/chess.Scene.00251.png" ..
2016-09-17 12:33:34 INFO  main [statistics.cpp:142] Statistics:
------------------------------------------------------------
 * Loaded plugins :
    -  plugins\bitmap.dll [Bitmap texture]
    -  plugins\conductor.dll [Smooth conductor]
    -  plugins\dielectric.dll [Smooth dielectric BSDF]
    -  plugins\diffuse.dll [Smooth diffuse BRDF]
    -  plugins\envmap.dll [Environment map]
    -  plugins\gaussian.dll [Gaussian reconstruction filter]
    -  plugins\lanczos.dll [Lanczos Sinc filter]
    -  plugins\ldrfilm.dll [Low dynamic range film]
    -  plugins\ldsampler.dll [Low discrepancy sampler]
    -  plugins\path.dll [MI path tracer]
    -  plugins\perspective.dll [Perspective camera]
    -  plugins\plastic.dll [Smooth plastic BRDF]
    -  plugins\point.dll [Point emitter]
    -  plugins\serialized.dll [Serialized mesh loader]
    -  plugins\sphere.dll [Sphere intersection primitive]

  * General :
    -  Normal rays traced : 15.006 M
    -  Shadow rays traced : 5.151 M

  * Path tracer :
    -  Average path length : 1.17 (9.84 M / 8.39 M)

  * Texture system :
    -  Average EWA samples / lookup : 1.21 (10.15 K / 8.36 K)
    -  Cumulative MIP map memory allocations : 8.779 MiB
    -  Filtered texture lookups : 49.43 % (7.64 M of 15.45 M)
    -  Lookups with clamped anisotropy : 0.00 % (0.00 of 7.64 M)
------------------------------------------------------------
